
bar_graph_demo_skel.elf:     file format elf32-avr

Sections:
Idx Name          Size      VMA       LMA       File off  Algn
  0 .data         00000002  00800100  00000164  000001f8  2**0
                  CONTENTS, ALLOC, LOAD, DATA
  1 .text         00000164  00000000  00000000  00000094  2**1
                  CONTENTS, ALLOC, LOAD, READONLY, CODE
  2 .bss          00000001  00800102  00800102  000001fa  2**0
                  ALLOC
  3 .stab         000006c0  00000000  00000000  000001fc  2**2
                  CONTENTS, READONLY, DEBUGGING
  4 .stabstr      00000d07  00000000  00000000  000008bc  2**0
                  CONTENTS, READONLY, DEBUGGING
  5 .comment      00000011  00000000  00000000  000015c3  2**0
                  CONTENTS, READONLY
  6 .note.gnu.avr.deviceinfo 0000003c  00000000  00000000  000015d4  2**2
                  CONTENTS, READONLY
  7 .debug_info   00000780  00000000  00000000  00001610  2**0
                  CONTENTS, READONLY, DEBUGGING
  8 .debug_abbrev 00000718  00000000  00000000  00001d90  2**0
                  CONTENTS, READONLY, DEBUGGING
  9 .debug_line   0000001a  00000000  00000000  000024a8  2**0
                  CONTENTS, READONLY, DEBUGGING
 10 .debug_str    0000027d  00000000  00000000  000024c2  2**0
                  CONTENTS, READONLY, DEBUGGING

Disassembly of section .text:

00000000 <__vectors>:
   0:	0c 94 46 00 	jmp	0x8c	; 0x8c <__ctors_end>
   4:	0c 94 65 00 	jmp	0xca	; 0xca <__bad_interrupt>
   8:	0c 94 65 00 	jmp	0xca	; 0xca <__bad_interrupt>
   c:	0c 94 65 00 	jmp	0xca	; 0xca <__bad_interrupt>
  10:	0c 94 65 00 	jmp	0xca	; 0xca <__bad_interrupt>
  14:	0c 94 65 00 	jmp	0xca	; 0xca <__bad_interrupt>
  18:	0c 94 65 00 	jmp	0xca	; 0xca <__bad_interrupt>
  1c:	0c 94 65 00 	jmp	0xca	; 0xca <__bad_interrupt>
  20:	0c 94 65 00 	jmp	0xca	; 0xca <__bad_interrupt>
  24:	0c 94 65 00 	jmp	0xca	; 0xca <__bad_interrupt>
  28:	0c 94 65 00 	jmp	0xca	; 0xca <__bad_interrupt>
  2c:	0c 94 65 00 	jmp	0xca	; 0xca <__bad_interrupt>
  30:	0c 94 65 00 	jmp	0xca	; 0xca <__bad_interrupt>
  34:	0c 94 65 00 	jmp	0xca	; 0xca <__bad_interrupt>
  38:	0c 94 65 00 	jmp	0xca	; 0xca <__bad_interrupt>
  3c:	0c 94 65 00 	jmp	0xca	; 0xca <__bad_interrupt>
  40:	0c 94 78 00 	jmp	0xf0	; 0xf0 <__vector_16>
  44:	0c 94 65 00 	jmp	0xca	; 0xca <__bad_interrupt>
  48:	0c 94 65 00 	jmp	0xca	; 0xca <__bad_interrupt>
  4c:	0c 94 65 00 	jmp	0xca	; 0xca <__bad_interrupt>
  50:	0c 94 65 00 	jmp	0xca	; 0xca <__bad_interrupt>
  54:	0c 94 65 00 	jmp	0xca	; 0xca <__bad_interrupt>
  58:	0c 94 65 00 	jmp	0xca	; 0xca <__bad_interrupt>
  5c:	0c 94 65 00 	jmp	0xca	; 0xca <__bad_interrupt>
  60:	0c 94 65 00 	jmp	0xca	; 0xca <__bad_interrupt>
  64:	0c 94 65 00 	jmp	0xca	; 0xca <__bad_interrupt>
  68:	0c 94 65 00 	jmp	0xca	; 0xca <__bad_interrupt>
  6c:	0c 94 65 00 	jmp	0xca	; 0xca <__bad_interrupt>
  70:	0c 94 65 00 	jmp	0xca	; 0xca <__bad_interrupt>
  74:	0c 94 65 00 	jmp	0xca	; 0xca <__bad_interrupt>
  78:	0c 94 65 00 	jmp	0xca	; 0xca <__bad_interrupt>
  7c:	0c 94 65 00 	jmp	0xca	; 0xca <__bad_interrupt>
  80:	0c 94 65 00 	jmp	0xca	; 0xca <__bad_interrupt>
  84:	0c 94 65 00 	jmp	0xca	; 0xca <__bad_interrupt>
  88:	0c 94 65 00 	jmp	0xca	; 0xca <__bad_interrupt>

0000008c <__ctors_end>:
  8c:	11 24       	eor	r1, r1
  8e:	1f be       	out	0x3f, r1	; 63
  90:	cf ef       	ldi	r28, 0xFF	; 255
  92:	d0 e1       	ldi	r29, 0x10	; 16
  94:	de bf       	out	0x3e, r29	; 62
  96:	cd bf       	out	0x3d, r28	; 61

00000098 <__do_copy_data>:
  98:	11 e0       	ldi	r17, 0x01	; 1
  9a:	a0 e0       	ldi	r26, 0x00	; 0
  9c:	b1 e0       	ldi	r27, 0x01	; 1
  9e:	e4 e6       	ldi	r30, 0x64	; 100
  a0:	f1 e0       	ldi	r31, 0x01	; 1
  a2:	00 e0       	ldi	r16, 0x00	; 0
  a4:	0b bf       	out	0x3b, r16	; 59
  a6:	02 c0       	rjmp	.+4      	; 0xac <__do_copy_data+0x14>
  a8:	07 90       	elpm	r0, Z+
  aa:	0d 92       	st	X+, r0
  ac:	a2 30       	cpi	r26, 0x02	; 2
  ae:	b1 07       	cpc	r27, r17
  b0:	d9 f7       	brne	.-10     	; 0xa8 <__do_copy_data+0x10>

000000b2 <__do_clear_bss>:
  b2:	21 e0       	ldi	r18, 0x01	; 1
  b4:	a2 e0       	ldi	r26, 0x02	; 2
  b6:	b1 e0       	ldi	r27, 0x01	; 1
  b8:	01 c0       	rjmp	.+2      	; 0xbc <.do_clear_bss_start>

000000ba <.do_clear_bss_loop>:
  ba:	1d 92       	st	X+, r1

000000bc <.do_clear_bss_start>:
  bc:	a3 30       	cpi	r26, 0x03	; 3
  be:	b2 07       	cpc	r27, r18
  c0:	e1 f7       	brne	.-8      	; 0xba <.do_clear_bss_loop>
  c2:	0e 94 9f 00 	call	0x13e	; 0x13e <main>
  c6:	0c 94 b0 00 	jmp	0x160	; 0x160 <_exit>

000000ca <__bad_interrupt>:
  ca:	0c 94 00 00 	jmp	0	; 0x0 <__vectors>

000000ce <spi_init>:
//external device specific initalizations.  Sets up SPI to be:
//master mode, clock=clk/2, cycle half phase, low polarity, MSB first
//interrupts disabled, poll SPIF bit in SPSR to check xmit completion
/***********************************************************************/
void spi_init(void){
  DDRB   = ((1<<PB0)|(1<<PB2)|(1<<PB3)); //output mode for SS, MOSI, SCLK
  ce:	8d e0       	ldi	r24, 0x0D	; 13
  d0:	87 bb       	out	0x17, r24	; 23
  SPCR   = (1<<SPE) | (1<<MSTR); //master mode, clk low on idle, leading edge sample (p. 167)
  d2:	80 e5       	ldi	r24, 0x50	; 80
  d4:	8d b9       	out	0x0d, r24	; 13
  SPSR   = (1<<SPI2X); //choose double speed operation // double speed operation
  d6:	81 e0       	ldi	r24, 0x01	; 1
  d8:	8e b9       	out	0x0e, r24	; 14
  da:	08 95       	ret

000000dc <tcnt0_init>:
//Initalizes timer/counter0 (TCNT0). TCNT0 is running in async mode
//with external 32khz crystal.  Runs in normal mode with no prescaling.
//Interrupt occurs at overflow 0xFF.
//
void tcnt0_init(void){
  ASSR   |= (1<<AS0); //ext osc TOSC
  dc:	80 b7       	in	r24, 0x30	; 48
  de:	88 60       	ori	r24, 0x08	; 8
  e0:	80 bf       	out	0x30, r24	; 48
  TIMSK  |=  (1<<TOIE0); //enable TCNT0 overflow interrupt
  e2:	87 b7       	in	r24, 0x37	; 55
  e4:	81 60       	ori	r24, 0x01	; 1
  e6:	87 bf       	out	0x37, r24	; 55
  TCCR0  |=  (1<<CS00); //normal mode, no prescale
  e8:	83 b7       	in	r24, 0x33	; 51
  ea:	81 60       	ori	r24, 0x01	; 1
  ec:	83 bf       	out	0x33, r24	; 51
  ee:	08 95       	ret

000000f0 <__vector_16>:
//TCNT0 interrupts come at 7.8125ms internals.
// 1/32768         = 30.517578uS
//(1/32768)*256    = 7.8125ms
//(1/32768)*256*64 = 500mS
/*************************************************************************/
ISR(TIMER0_OVF_vect){
  f0:	1f 92       	push	r1
  f2:	0f 92       	push	r0
  f4:	0f b6       	in	r0, 0x3f	; 63
  f6:	0f 92       	push	r0
  f8:	11 24       	eor	r1, r1
  fa:	8f 93       	push	r24
  static uint8_t count_7ms = 0;        //holds 7ms tick count in binary
  static uint8_t display_count = 0x01; //holds count for display

  count_7ms++;                //increment count every 7.8125 ms
  fc:	80 91 02 01 	lds	r24, 0x0102	; 0x800102 <__data_end>
 100:	8f 5f       	subi	r24, 0xFF	; 255
 102:	80 93 02 01 	sts	0x0102, r24	; 0x800102 <__data_end>
  if ((count_7ms % 64)==0){ //?? interrupts equals one half second
 106:	8f 73       	andi	r24, 0x3F	; 63
 108:	69 f0       	breq	.+26     	; 0x124 <__vector_16+0x34>
 10a:	80 91 00 01 	lds	r24, 0x0100	; 0x800100 <__data_start>

    PORTB |= (1<<PB0);          //HC595 output reg - rising edge...
    PORTB &= ~(1<<PB0);         //and falling edge
    display_count = (display_count<<1); //shift display bit for next time
  }
  if (display_count == 0x00){display_count = 0x01;} //back to 1st positon
 10e:	81 11       	cpse	r24, r1
 110:	03 c0       	rjmp	.+6      	; 0x118 <__vector_16+0x28>
 112:	81 e0       	ldi	r24, 0x01	; 1
 114:	80 93 00 01 	sts	0x0100, r24	; 0x800100 <__data_start>
}
 118:	8f 91       	pop	r24
 11a:	0f 90       	pop	r0
 11c:	0f be       	out	0x3f, r0	; 63
 11e:	0f 90       	pop	r0
 120:	1f 90       	pop	r1
 122:	18 95       	reti
  static uint8_t count_7ms = 0;        //holds 7ms tick count in binary
  static uint8_t display_count = 0x01; //holds count for display

  count_7ms++;                //increment count every 7.8125 ms
  if ((count_7ms % 64)==0){ //?? interrupts equals one half second
    SPDR = display_count;              //send to display
 124:	80 91 00 01 	lds	r24, 0x0100	; 0x800100 <__data_start>
 128:	8f b9       	out	0x0f, r24	; 15
    while(bit_is_clear(SPSR, SPIF)){} //wait till data sent out (while loop)
 12a:	77 9b       	sbis	0x0e, 7	; 14
 12c:	fe cf       	rjmp	.-4      	; 0x12a <__vector_16+0x3a>

    PORTB |= (1<<PB0);          //HC595 output reg - rising edge...
 12e:	c0 9a       	sbi	0x18, 0	; 24
    PORTB &= ~(1<<PB0);         //and falling edge
 130:	c0 98       	cbi	0x18, 0	; 24
    display_count = (display_count<<1); //shift display bit for next time
 132:	80 91 00 01 	lds	r24, 0x0100	; 0x800100 <__data_start>
 136:	88 0f       	add	r24, r24
 138:	80 93 00 01 	sts	0x0100, r24	; 0x800100 <__data_start>
 13c:	e8 cf       	rjmp	.-48     	; 0x10e <__vector_16+0x1e>

0000013e <main>:
//Initalizes timer/counter0 (TCNT0). TCNT0 is running in async mode
//with external 32khz crystal.  Runs in normal mode with no prescaling.
//Interrupt occurs at overflow 0xFF.
//
void tcnt0_init(void){
  ASSR   |= (1<<AS0); //ext osc TOSC
 13e:	80 b7       	in	r24, 0x30	; 48
 140:	88 60       	ori	r24, 0x08	; 8
 142:	80 bf       	out	0x30, r24	; 48
  TIMSK  |=  (1<<TOIE0); //enable TCNT0 overflow interrupt
 144:	87 b7       	in	r24, 0x37	; 55
 146:	81 60       	ori	r24, 0x01	; 1
 148:	87 bf       	out	0x37, r24	; 55
  TCCR0  |=  (1<<CS00); //normal mode, no prescale
 14a:	83 b7       	in	r24, 0x33	; 51
 14c:	81 60       	ori	r24, 0x01	; 1
 14e:	83 bf       	out	0x33, r24	; 51
//external device specific initalizations.  Sets up SPI to be:
//master mode, clock=clk/2, cycle half phase, low polarity, MSB first
//interrupts disabled, poll SPIF bit in SPSR to check xmit completion
/***********************************************************************/
void spi_init(void){
  DDRB   = ((1<<PB0)|(1<<PB2)|(1<<PB3)); //output mode for SS, MOSI, SCLK
 150:	8d e0       	ldi	r24, 0x0D	; 13
 152:	87 bb       	out	0x17, r24	; 23
  SPCR   = (1<<SPE) | (1<<MSTR); //master mode, clk low on idle, leading edge sample (p. 167)
 154:	80 e5       	ldi	r24, 0x50	; 80
 156:	8d b9       	out	0x0d, r24	; 13
  SPSR   = (1<<SPI2X); //choose double speed operation // double speed operation
 158:	81 e0       	ldi	r24, 0x01	; 1
 15a:	8e b9       	out	0x0e, r24	; 14
//                                main
/***********************************************************************/
int main(){
tcnt0_init();  //initalize counter timer zero
spi_init();    //initalize SPI port
sei();         //enable interrupts before entering loop
 15c:	78 94       	sei
 15e:	ff cf       	rjmp	.-2      	; 0x15e <main+0x20>

00000160 <_exit>:
 160:	f8 94       	cli

00000162 <__stop_program>:
 162:	ff cf       	rjmp	.-2      	; 0x162 <__stop_program>
